[INFO ] 2019-12-05 18:05:41.117 [restartedMain] HmMasterServiceApplication - No active profile set, falling back to default profiles: default
[INFO ] 2019-12-06 15:49:30.473 [restartedMain] HmMasterServiceApplication - No active profile set, falling back to default profiles: default
[INFO ] 2019-12-06 15:53:49.936 [restartedMain] HmMasterServiceApplication - No active profile set, falling back to default profiles: default
[INFO ] 2019-12-06 15:59:11.908 [restartedMain] HmMasterServiceApplication - No active profile set, falling back to default profiles: default
[INFO ] 2019-12-06 16:04:03.122 [restartedMain] HmMasterServiceApplication - No active profile set, falling back to default profiles: default
[INFO ] 2019-12-06 16:07:34.818 [restartedMain] HmMasterServiceApplication - No active profile set, falling back to default profiles: default
[INFO ] 2019-12-06 16:10:25.828 [restartedMain] HmMasterServiceApplication - No active profile set, falling back to default profiles: default
[INFO ] 2019-12-06 16:13:31.195 [restartedMain] HmMasterServiceApplication - No active profile set, falling back to default profiles: default
[INFO ] 2019-12-06 16:15:45.542 [restartedMain] HmMasterServiceApplication - No active profile set, falling back to default profiles: default
[INFO ] 2019-12-06 16:21:34.646 [restartedMain] HmMasterServiceApplication - No active profile set, falling back to default profiles: default
[INFO ] 2019-12-06 16:23:04.714 [restartedMain] HmMasterServiceApplication - No active profile set, falling back to default profiles: default
[INFO ] 2019-12-06 16:25:05.157 [restartedMain] HmMasterServiceApplication - No active profile set, falling back to default profiles: default
[INFO ] 2019-12-06 16:26:27.668 [restartedMain] HmMasterServiceApplication - No active profile set, falling back to default profiles: default
[INFO ] 2019-12-06 16:29:20.842 [restartedMain] HmMasterServiceApplication - No active profile set, falling back to default profiles: default
[INFO ] 2019-12-06 16:30:40.782 [restartedMain] HmMasterServiceApplication - No active profile set, falling back to default profiles: default
[INFO ] 2019-12-06 16:31:36.505 [restartedMain] HmMasterServiceApplication - No active profile set, falling back to default profiles: default
[INFO ] 2019-12-06 16:35:57.629 [restartedMain] HmMasterServiceApplication - No active profile set, falling back to default profiles: default
[INFO ] 2019-12-06 16:36:11.011 [restartedMain] HmMasterServiceApplication - Started HmMasterServiceApplication in 15.279 seconds (JVM running for 17.774)
[INFO ] 2019-12-06 16:40:31.793 [restartedMain] HmMasterServiceApplication - Starting HmMasterServiceApplication on DESKTOP-2CPTQLF with PID 4424 (C:\Users\rahul\eclipse-workspaceAkshay\HMMasterService\target\classes started by rahul in C:\Users\rahul\eclipse-workspaceAkshay\HMMasterService)
[INFO ] 2019-12-06 16:40:31.798 [restartedMain] HmMasterServiceApplication - No active profile set, falling back to default profiles: default
[INFO ] 2019-12-06 16:40:36.597 [restartedMain] HmMasterServiceApplication - Started HmMasterServiceApplication in 5.146 seconds (JVM running for 6.718)
[INFO ] 2019-12-06 16:52:07.919 [restartedMain] HmMasterServiceApplication - Starting HmMasterServiceApplication on DESKTOP-2CPTQLF with PID 5756 (C:\Users\rahul\eclipse-workspaceAkshay\HMMasterService\target\classes started by rahul in C:\Users\rahul\eclipse-workspaceAkshay\HMMasterService)
[INFO ] 2019-12-06 16:52:07.924 [restartedMain] HmMasterServiceApplication - No active profile set, falling back to default profiles: default
[INFO ] 2019-12-06 16:52:12.535 [restartedMain] HmMasterServiceApplication - Started HmMasterServiceApplication in 4.957 seconds (JVM running for 6.534)
[INFO ] 2019-12-06 16:53:26.292 [restartedMain] HmMasterServiceApplication - Starting HmMasterServiceApplication on DESKTOP-2CPTQLF with PID 5756 (C:\Users\rahul\eclipse-workspaceAkshay\HMMasterService\target\classes started by rahul in C:\Users\rahul\eclipse-workspaceAkshay\HMMasterService)
[INFO ] 2019-12-06 16:53:26.294 [restartedMain] HmMasterServiceApplication - No active profile set, falling back to default profiles: default
[INFO ] 2019-12-06 16:53:28.151 [restartedMain] HmMasterServiceApplication - Started HmMasterServiceApplication in 1.902 seconds (JVM running for 82.15)
[INFO ] 2019-12-06 16:56:15.117 [restartedMain] HmMasterServiceApplication - Starting HmMasterServiceApplication on DESKTOP-2CPTQLF with PID 5756 (C:\Users\rahul\eclipse-workspaceAkshay\HMMasterService\target\classes started by rahul in C:\Users\rahul\eclipse-workspaceAkshay\HMMasterService)
[INFO ] 2019-12-06 16:56:15.118 [restartedMain] HmMasterServiceApplication - No active profile set, falling back to default profiles: default
[INFO ] 2019-12-06 16:56:17.065 [restartedMain] HmMasterServiceApplication - Started HmMasterServiceApplication in 1.988 seconds (JVM running for 251.064)
[INFO ] 2019-12-06 16:56:37.561 [restartedMain] HmMasterServiceApplication - Starting HmMasterServiceApplication on DESKTOP-2CPTQLF with PID 5756 (C:\Users\rahul\eclipse-workspaceAkshay\HMMasterService\target\classes started by rahul in C:\Users\rahul\eclipse-workspaceAkshay\HMMasterService)
[INFO ] 2019-12-06 16:56:37.563 [restartedMain] HmMasterServiceApplication - No active profile set, falling back to default profiles: default
[INFO ] 2019-12-06 16:56:39.354 [restartedMain] HmMasterServiceApplication - Started HmMasterServiceApplication in 1.835 seconds (JVM running for 273.354)
[INFO ] 2019-12-06 16:57:25.305 [restartedMain] HmMasterServiceApplication - Starting HmMasterServiceApplication on DESKTOP-2CPTQLF with PID 5756 (C:\Users\rahul\eclipse-workspaceAkshay\HMMasterService\target\classes started by rahul in C:\Users\rahul\eclipse-workspaceAkshay\HMMasterService)
[INFO ] 2019-12-06 16:57:25.306 [restartedMain] HmMasterServiceApplication - No active profile set, falling back to default profiles: default
[INFO ] 2019-12-06 16:57:27.020 [restartedMain] HmMasterServiceApplication - Started HmMasterServiceApplication in 1.752 seconds (JVM running for 321.019)
[INFO ] 2019-12-06 16:57:34.099 [restartedMain] HmMasterServiceApplication - Starting HmMasterServiceApplication on DESKTOP-2CPTQLF with PID 5756 (C:\Users\rahul\eclipse-workspaceAkshay\HMMasterService\target\classes started by rahul in C:\Users\rahul\eclipse-workspaceAkshay\HMMasterService)
[INFO ] 2019-12-06 16:57:34.100 [restartedMain] HmMasterServiceApplication - No active profile set, falling back to default profiles: default
[INFO ] 2019-12-06 16:57:35.673 [restartedMain] HmMasterServiceApplication - Started HmMasterServiceApplication in 1.611 seconds (JVM running for 329.672)
[INFO ] 2019-12-06 16:59:30.392 [restartedMain] HmMasterServiceApplication - Starting HmMasterServiceApplication on DESKTOP-2CPTQLF with PID 5756 (C:\Users\rahul\eclipse-workspaceAkshay\HMMasterService\target\classes started by rahul in C:\Users\rahul\eclipse-workspaceAkshay\HMMasterService)
[INFO ] 2019-12-06 16:59:30.393 [restartedMain] HmMasterServiceApplication - No active profile set, falling back to default profiles: default
[INFO ] 2019-12-06 16:59:32.116 [restartedMain] HmMasterServiceApplication - Started HmMasterServiceApplication in 1.777 seconds (JVM running for 446.115)
[INFO ] 2019-12-06 17:56:10.093 [restartedMain] HmMasterServiceApplication - Starting HmMasterServiceApplication on DESKTOP-2CPTQLF with PID 5756 (C:\Users\rahul\eclipse-workspaceAkshay\HMMasterService\target\classes started by rahul in C:\Users\rahul\eclipse-workspaceAkshay\HMMasterService)
[INFO ] 2019-12-06 17:56:10.095 [restartedMain] HmMasterServiceApplication - No active profile set, falling back to default profiles: default
[INFO ] 2019-12-06 17:56:12.134 [restartedMain] HmMasterServiceApplication - Started HmMasterServiceApplication in 2.084 seconds (JVM running for 3846.139)
[INFO ] 2019-12-06 18:05:34.827 [restartedMain] HmMasterServiceApplication - Starting HmMasterServiceApplication on DESKTOP-2CPTQLF with PID 5756 (C:\Users\rahul\eclipse-workspaceAkshay\HMMasterService\target\classes started by rahul in C:\Users\rahul\eclipse-workspaceAkshay\HMMasterService)
[INFO ] 2019-12-06 18:05:34.828 [restartedMain] HmMasterServiceApplication - No active profile set, falling back to default profiles: default
[INFO ] 2019-12-06 18:05:49.204 [restartedMain] HmMasterServiceApplication - Starting HmMasterServiceApplication on DESKTOP-2CPTQLF with PID 5756 (C:\Users\rahul\eclipse-workspaceAkshay\HMMasterService\target\classes started by rahul in C:\Users\rahul\eclipse-workspaceAkshay\HMMasterService)
[INFO ] 2019-12-06 18:05:49.205 [restartedMain] HmMasterServiceApplication - No active profile set, falling back to default profiles: default
[INFO ] 2019-12-06 18:06:21.986 [restartedMain] HmMasterServiceApplication - Starting HmMasterServiceApplication on DESKTOP-2CPTQLF with PID 5756 (C:\Users\rahul\eclipse-workspaceAkshay\HMMasterService\target\classes started by rahul in C:\Users\rahul\eclipse-workspaceAkshay\HMMasterService)
[INFO ] 2019-12-06 18:06:21.987 [restartedMain] HmMasterServiceApplication - No active profile set, falling back to default profiles: default
[INFO ] 2019-12-06 18:06:23.770 [restartedMain] HmMasterServiceApplication - Started HmMasterServiceApplication in 1.825 seconds (JVM running for 4457.775)
[INFO ] 2019-12-06 18:06:32.408 [restartedMain] HmMasterServiceApplication - Starting HmMasterServiceApplication on DESKTOP-2CPTQLF with PID 5756 (C:\Users\rahul\eclipse-workspaceAkshay\HMMasterService\target\classes started by rahul in C:\Users\rahul\eclipse-workspaceAkshay\HMMasterService)
[INFO ] 2019-12-06 18:06:32.409 [restartedMain] HmMasterServiceApplication - No active profile set, falling back to default profiles: default
[INFO ] 2019-12-06 18:06:34.200 [restartedMain] HmMasterServiceApplication - Started HmMasterServiceApplication in 1.837 seconds (JVM running for 4468.205)
[INFO ] 2019-12-06 18:13:13.254 [restartedMain] HmMasterServiceApplication - Starting HmMasterServiceApplication on DESKTOP-2CPTQLF with PID 5756 (C:\Users\rahul\eclipse-workspaceAkshay\HMMasterService\target\classes started by rahul in C:\Users\rahul\eclipse-workspaceAkshay\HMMasterService)
[INFO ] 2019-12-06 18:13:13.255 [restartedMain] HmMasterServiceApplication - No active profile set, falling back to default profiles: default
[INFO ] 2019-12-06 18:13:15.022 [restartedMain] HmMasterServiceApplication - Started HmMasterServiceApplication in 1.806 seconds (JVM running for 4869.027)
[INFO ] 2019-12-07 16:25:56.743 [restartedMain] HmMasterServiceApplication - Starting HmMasterServiceApplication on DESKTOP-2CPTQLF with PID 2524 (C:\Users\rahul\eclipse-workspaceAkshay\HMMasterService\target\classes started by rahul in C:\Users\rahul\eclipse-workspaceAkshay\HMMasterService)
[INFO ] 2019-12-07 16:25:56.756 [restartedMain] HmMasterServiceApplication - No active profile set, falling back to default profiles: default
[INFO ] 2019-12-07 16:34:56.529 [restartedMain] HmMasterServiceApplication - Starting HmMasterServiceApplication on DESKTOP-2CPTQLF with PID 1496 (C:\Users\rahul\eclipse-workspaceAkshay\HMMasterService\target\classes started by rahul in C:\Users\rahul\eclipse-workspaceAkshay\HMMasterService)
[INFO ] 2019-12-07 16:34:56.533 [restartedMain] HmMasterServiceApplication - No active profile set, falling back to default profiles: default
[INFO ] 2019-12-07 16:42:44.973 [restartedMain] HmMasterServiceApplication - Starting HmMasterServiceApplication on DESKTOP-2CPTQLF with PID 5056 (C:\Users\rahul\eclipse-workspaceAkshay\HMMasterService\target\classes started by rahul in C:\Users\rahul\eclipse-workspaceAkshay\HMMasterService)
[INFO ] 2019-12-07 16:42:44.977 [restartedMain] HmMasterServiceApplication - No active profile set, falling back to default profiles: default
[INFO ] 2019-12-07 16:51:24.130 [restartedMain] HmMasterServiceApplication - Starting HmMasterServiceApplication on DESKTOP-2CPTQLF with PID 2532 (C:\Users\rahul\eclipse-workspaceAkshay\HMMasterService\target\classes started by rahul in C:\Users\rahul\eclipse-workspaceAkshay\HMMasterService)
[INFO ] 2019-12-07 16:51:24.136 [restartedMain] HmMasterServiceApplication - No active profile set, falling back to default profiles: default
[INFO ] 2019-12-07 16:52:07.062 [restartedMain] HmMasterServiceApplication - Starting HmMasterServiceApplication on DESKTOP-2CPTQLF with PID 5332 (C:\Users\rahul\eclipse-workspaceAkshay\HMMasterService\target\classes started by rahul in C:\Users\rahul\eclipse-workspaceAkshay\HMMasterService)
[INFO ] 2019-12-07 16:52:07.067 [restartedMain] HmMasterServiceApplication - No active profile set, falling back to default profiles: default
[INFO ] 2019-12-07 16:57:55.975 [restartedMain] HmMasterServiceApplication - Starting HmMasterServiceApplication on DESKTOP-2CPTQLF with PID 6832 (C:\Users\rahul\eclipse-workspaceAkshay\HMMasterService\target\classes started by rahul in C:\Users\rahul\eclipse-workspaceAkshay\HMMasterService)
[INFO ] 2019-12-07 16:57:55.980 [restartedMain] HmMasterServiceApplication - No active profile set, falling back to default profiles: default
[INFO ] 2019-12-07 16:58:31.045 [restartedMain] HmMasterServiceApplication - Starting HmMasterServiceApplication on DESKTOP-2CPTQLF with PID 9504 (C:\Users\rahul\eclipse-workspaceAkshay\HMMasterService\target\classes started by rahul in C:\Users\rahul\eclipse-workspaceAkshay\HMMasterService)
[INFO ] 2019-12-07 16:58:31.050 [restartedMain] HmMasterServiceApplication - No active profile set, falling back to default profiles: default
[INFO ] 2019-12-07 16:58:36.012 [restartedMain] HmMasterServiceApplication - Started HmMasterServiceApplication in 5.319 seconds (JVM running for 6.895)
[INFO ] 2019-12-07 17:06:58.800 [restartedMain] HmMasterServiceApplication - Starting HmMasterServiceApplication on DESKTOP-2CPTQLF with PID 9504 (C:\Users\rahul\eclipse-workspaceAkshay\HMMasterService\target\classes started by rahul in C:\Users\rahul\eclipse-workspaceAkshay\HMMasterService)
[INFO ] 2019-12-07 17:06:58.801 [restartedMain] HmMasterServiceApplication - No active profile set, falling back to default profiles: default
[INFO ] 2019-12-07 17:07:00.647 [restartedMain] HmMasterServiceApplication - Started HmMasterServiceApplication in 1.89 seconds (JVM running for 511.529)
[INFO ] 2019-12-07 17:10:20.168 [restartedMain] HmMasterServiceApplication - Starting HmMasterServiceApplication on DESKTOP-2CPTQLF with PID 9504 (C:\Users\rahul\eclipse-workspaceAkshay\HMMasterService\target\classes started by rahul in C:\Users\rahul\eclipse-workspaceAkshay\HMMasterService)
[INFO ] 2019-12-07 17:10:20.169 [restartedMain] HmMasterServiceApplication - No active profile set, falling back to default profiles: default
[INFO ] 2019-12-07 17:10:21.972 [restartedMain] HmMasterServiceApplication - Started HmMasterServiceApplication in 1.846 seconds (JVM running for 712.855)
[INFO ] 2019-12-07 17:11:07.981 [restartedMain] HmMasterServiceApplication - Starting HmMasterServiceApplication on DESKTOP-2CPTQLF with PID 9504 (C:\Users\rahul\eclipse-workspaceAkshay\HMMasterService\target\classes started by rahul in C:\Users\rahul\eclipse-workspaceAkshay\HMMasterService)
[INFO ] 2019-12-07 17:11:07.982 [restartedMain] HmMasterServiceApplication - No active profile set, falling back to default profiles: default
[INFO ] 2019-12-07 17:11:09.781 [restartedMain] HmMasterServiceApplication - Started HmMasterServiceApplication in 1.842 seconds (JVM running for 760.664)
[INFO ] 2019-12-07 17:13:09.512 [restartedMain] HmMasterServiceApplication - Starting HmMasterServiceApplication on DESKTOP-2CPTQLF with PID 9504 (C:\Users\rahul\eclipse-workspaceAkshay\HMMasterService\target\classes started by rahul in C:\Users\rahul\eclipse-workspaceAkshay\HMMasterService)
[INFO ] 2019-12-07 17:13:09.514 [restartedMain] HmMasterServiceApplication - No active profile set, falling back to default profiles: default
[INFO ] 2019-12-07 17:13:11.312 [restartedMain] HmMasterServiceApplication - Started HmMasterServiceApplication in 1.839 seconds (JVM running for 882.195)
[INFO ] 2019-12-07 17:16:46.269 [restartedMain] HmMasterServiceApplication - Starting HmMasterServiceApplication on DESKTOP-2CPTQLF with PID 9504 (C:\Users\rahul\eclipse-workspaceAkshay\HMMasterService\target\classes started by rahul in C:\Users\rahul\eclipse-workspaceAkshay\HMMasterService)
[INFO ] 2019-12-07 17:16:46.270 [restartedMain] HmMasterServiceApplication - No active profile set, falling back to default profiles: default
[INFO ] 2019-12-07 17:16:47.916 [restartedMain] HmMasterServiceApplication - Started HmMasterServiceApplication in 1.685 seconds (JVM running for 1098.799)
[INFO ] 2019-12-07 17:17:39.218 [restartedMain] HmMasterServiceApplication - Starting HmMasterServiceApplication on DESKTOP-2CPTQLF with PID 9504 (C:\Users\rahul\eclipse-workspaceAkshay\HMMasterService\target\classes started by rahul in C:\Users\rahul\eclipse-workspaceAkshay\HMMasterService)
[INFO ] 2019-12-07 17:17:39.219 [restartedMain] HmMasterServiceApplication - No active profile set, falling back to default profiles: default
[INFO ] 2019-12-07 17:17:40.847 [restartedMain] HmMasterServiceApplication - Started HmMasterServiceApplication in 1.684 seconds (JVM running for 1151.73)
[INFO ] 2019-12-07 17:18:35.119 [restartedMain] HmMasterServiceApplication - Starting HmMasterServiceApplication on DESKTOP-2CPTQLF with PID 9504 (C:\Users\rahul\eclipse-workspaceAkshay\HMMasterService\target\classes started by rahul in C:\Users\rahul\eclipse-workspaceAkshay\HMMasterService)
[INFO ] 2019-12-07 17:18:35.121 [restartedMain] HmMasterServiceApplication - No active profile set, falling back to default profiles: default
[INFO ] 2019-12-07 17:18:36.942 [restartedMain] HmMasterServiceApplication - Started HmMasterServiceApplication in 1.858 seconds (JVM running for 1207.824)
[INFO ] 2019-12-07 17:18:45.116 [restartedMain] HmMasterServiceApplication - Starting HmMasterServiceApplication on DESKTOP-2CPTQLF with PID 9504 (C:\Users\rahul\eclipse-workspaceAkshay\HMMasterService\target\classes started by rahul in C:\Users\rahul\eclipse-workspaceAkshay\HMMasterService)
[INFO ] 2019-12-07 17:18:45.117 [restartedMain] HmMasterServiceApplication - No active profile set, falling back to default profiles: default
[INFO ] 2019-12-07 17:18:46.710 [restartedMain] HmMasterServiceApplication - Started HmMasterServiceApplication in 1.634 seconds (JVM running for 1217.593)
[INFO ] 2019-12-07 17:20:41.514 [restartedMain] HmMasterServiceApplication - Starting HmMasterServiceApplication on DESKTOP-2CPTQLF with PID 9504 (C:\Users\rahul\eclipse-workspaceAkshay\HMMasterService\target\classes started by rahul in C:\Users\rahul\eclipse-workspaceAkshay\HMMasterService)
[INFO ] 2019-12-07 17:20:41.515 [restartedMain] HmMasterServiceApplication - No active profile set, falling back to default profiles: default
[INFO ] 2019-12-07 17:20:43.268 [restartedMain] HmMasterServiceApplication - Started HmMasterServiceApplication in 1.791 seconds (JVM running for 1334.15)
[INFO ] 2019-12-07 17:20:48.370 [restartedMain] HmMasterServiceApplication - Starting HmMasterServiceApplication on DESKTOP-2CPTQLF with PID 9504 (C:\Users\rahul\eclipse-workspaceAkshay\HMMasterService\target\classes started by rahul in C:\Users\rahul\eclipse-workspaceAkshay\HMMasterService)
[INFO ] 2019-12-07 17:20:48.371 [restartedMain] HmMasterServiceApplication - No active profile set, falling back to default profiles: default
[INFO ] 2019-12-07 17:20:49.929 [restartedMain] HmMasterServiceApplication - Started HmMasterServiceApplication in 1.593 seconds (JVM running for 1340.811)
[INFO ] 2019-12-07 17:21:26.711 [restartedMain] HmMasterServiceApplication - Starting HmMasterServiceApplication on DESKTOP-2CPTQLF with PID 9504 (C:\Users\rahul\eclipse-workspaceAkshay\HMMasterService\target\classes started by rahul in C:\Users\rahul\eclipse-workspaceAkshay\HMMasterService)
[INFO ] 2019-12-07 17:21:26.712 [restartedMain] HmMasterServiceApplication - No active profile set, falling back to default profiles: default
[INFO ] 2019-12-07 17:21:28.592 [restartedMain] HmMasterServiceApplication - Started HmMasterServiceApplication in 1.92 seconds (JVM running for 1379.474)
[INFO ] 2019-12-07 17:21:43.949 [restartedMain] HmMasterServiceApplication - Starting HmMasterServiceApplication on DESKTOP-2CPTQLF with PID 9504 (C:\Users\rahul\eclipse-workspaceAkshay\HMMasterService\target\classes started by rahul in C:\Users\rahul\eclipse-workspaceAkshay\HMMasterService)
[INFO ] 2019-12-07 17:21:43.950 [restartedMain] HmMasterServiceApplication - No active profile set, falling back to default profiles: default
[INFO ] 2019-12-07 17:21:45.666 [restartedMain] HmMasterServiceApplication - Started HmMasterServiceApplication in 1.753 seconds (JVM running for 1396.549)
[INFO ] 2019-12-07 17:21:53.809 [restartedMain] HmMasterServiceApplication - Starting HmMasterServiceApplication on DESKTOP-2CPTQLF with PID 9504 (C:\Users\rahul\eclipse-workspaceAkshay\HMMasterService\target\classes started by rahul in C:\Users\rahul\eclipse-workspaceAkshay\HMMasterService)
[INFO ] 2019-12-07 17:21:53.810 [restartedMain] HmMasterServiceApplication - No active profile set, falling back to default profiles: default
[INFO ] 2019-12-07 17:21:55.365 [restartedMain] HmMasterServiceApplication - Started HmMasterServiceApplication in 1.59 seconds (JVM running for 1406.247)
[INFO ] 2019-12-07 17:23:05.344 [restartedMain] HmMasterServiceApplication - Starting HmMasterServiceApplication on DESKTOP-2CPTQLF with PID 9504 (C:\Users\rahul\eclipse-workspaceAkshay\HMMasterService\target\classes started by rahul in C:\Users\rahul\eclipse-workspaceAkshay\HMMasterService)
[INFO ] 2019-12-07 17:23:05.346 [restartedMain] HmMasterServiceApplication - No active profile set, falling back to default profiles: default
[INFO ] 2019-12-07 17:23:07.091 [restartedMain] HmMasterServiceApplication - Started HmMasterServiceApplication in 1.788 seconds (JVM running for 1477.973)
[INFO ] 2019-12-07 17:25:09.047 [restartedMain] HmMasterServiceApplication - Starting HmMasterServiceApplication on DESKTOP-2CPTQLF with PID 9504 (C:\Users\rahul\eclipse-workspaceAkshay\HMMasterService\target\classes started by rahul in C:\Users\rahul\eclipse-workspaceAkshay\HMMasterService)
[INFO ] 2019-12-07 17:25:09.048 [restartedMain] HmMasterServiceApplication - No active profile set, falling back to default profiles: default
[INFO ] 2019-12-07 17:25:11.085 [restartedMain] HmMasterServiceApplication - Started HmMasterServiceApplication in 2.084 seconds (JVM running for 1601.968)
[INFO ] 2019-12-07 17:57:33.482 [restartedMain] HmMasterServiceApplication - Starting HmMasterServiceApplication on DESKTOP-2CPTQLF with PID 7664 (C:\Users\rahul\eclipse-workspaceAkshay\HMMasterService\target\classes started by rahul in C:\Users\rahul\eclipse-workspaceAkshay\HMMasterService)
[INFO ] 2019-12-07 17:57:33.488 [restartedMain] HmMasterServiceApplication - No active profile set, falling back to default profiles: default
[INFO ] 2019-12-07 17:57:39.374 [restartedMain] HmMasterServiceApplication - Started HmMasterServiceApplication in 6.315 seconds (JVM running for 8.089)
[INFO ] 2019-12-07 18:05:38.435 [restartedMain] HmMasterServiceApplication - Starting HmMasterServiceApplication on DESKTOP-2CPTQLF with PID 7664 (C:\Users\rahul\eclipse-workspaceAkshay\HMMasterService\target\classes started by rahul in C:\Users\rahul\eclipse-workspaceAkshay\HMMasterService)
[INFO ] 2019-12-07 18:05:38.436 [restartedMain] HmMasterServiceApplication - No active profile set, falling back to default profiles: default
[INFO ] 2019-12-07 18:05:40.523 [restartedMain] HmMasterServiceApplication - Started HmMasterServiceApplication in 2.141 seconds (JVM running for 489.239)
[INFO ] 2019-12-07 18:06:25.516 [restartedMain] HmMasterServiceApplication - Starting HmMasterServiceApplication on DESKTOP-2CPTQLF with PID 7664 (C:\Users\rahul\eclipse-workspaceAkshay\HMMasterService\target\classes started by rahul in C:\Users\rahul\eclipse-workspaceAkshay\HMMasterService)
[INFO ] 2019-12-07 18:06:25.517 [restartedMain] HmMasterServiceApplication - No active profile set, falling back to default profiles: default
[INFO ] 2019-12-07 18:06:27.336 [restartedMain] HmMasterServiceApplication - Started HmMasterServiceApplication in 1.862 seconds (JVM running for 536.052)
[INFO ] 2019-12-07 18:06:49.977 [restartedMain] HmMasterServiceApplication - Starting HmMasterServiceApplication on DESKTOP-2CPTQLF with PID 7664 (C:\Users\rahul\eclipse-workspaceAkshay\HMMasterService\target\classes started by rahul in C:\Users\rahul\eclipse-workspaceAkshay\HMMasterService)
[INFO ] 2019-12-07 18:06:49.979 [restartedMain] HmMasterServiceApplication - No active profile set, falling back to default profiles: default
[INFO ] 2019-12-07 18:06:51.714 [restartedMain] HmMasterServiceApplication - Started HmMasterServiceApplication in 1.789 seconds (JVM running for 560.43)
[INFO ] 2019-12-07 18:08:27.057 [restartedMain] HmMasterServiceApplication - Starting HmMasterServiceApplication on DESKTOP-2CPTQLF with PID 7664 (C:\Users\rahul\eclipse-workspaceAkshay\HMMasterService\target\classes started by rahul in C:\Users\rahul\eclipse-workspaceAkshay\HMMasterService)
[INFO ] 2019-12-07 18:08:27.058 [restartedMain] HmMasterServiceApplication - No active profile set, falling back to default profiles: default
[INFO ] 2019-12-07 18:08:29.060 [restartedMain] HmMasterServiceApplication - Started HmMasterServiceApplication in 2.042 seconds (JVM running for 657.776)
[INFO ] 2019-12-07 18:13:43.253 [restartedMain] HmMasterServiceApplication - Starting HmMasterServiceApplication on DESKTOP-2CPTQLF with PID 7664 (C:\Users\rahul\eclipse-workspaceAkshay\HMMasterService\target\classes started by rahul in C:\Users\rahul\eclipse-workspaceAkshay\HMMasterService)
[INFO ] 2019-12-07 18:13:43.254 [restartedMain] HmMasterServiceApplication - No active profile set, falling back to default profiles: default
[INFO ] 2019-12-07 18:13:44.941 [restartedMain] HmMasterServiceApplication - Started HmMasterServiceApplication in 1.727 seconds (JVM running for 973.657)
[INFO ] 2019-12-07 18:14:24.673 [restartedMain] HmMasterServiceApplication - Starting HmMasterServiceApplication on DESKTOP-2CPTQLF with PID 7664 (C:\Users\rahul\eclipse-workspaceAkshay\HMMasterService\target\classes started by rahul in C:\Users\rahul\eclipse-workspaceAkshay\HMMasterService)
[INFO ] 2019-12-07 18:14:24.675 [restartedMain] HmMasterServiceApplication - No active profile set, falling back to default profiles: default
[INFO ] 2019-12-07 18:14:26.395 [restartedMain] HmMasterServiceApplication - Started HmMasterServiceApplication in 1.765 seconds (JVM running for 1015.111)
[INFO ] 2019-12-07 18:15:36.911 [restartedMain] HmMasterServiceApplication - Starting HmMasterServiceApplication on DESKTOP-2CPTQLF with PID 7664 (C:\Users\rahul\eclipse-workspaceAkshay\HMMasterService\target\classes started by rahul in C:\Users\rahul\eclipse-workspaceAkshay\HMMasterService)
[INFO ] 2019-12-07 18:15:36.912 [restartedMain] HmMasterServiceApplication - No active profile set, falling back to default profiles: default
[INFO ] 2019-12-07 18:15:38.524 [restartedMain] HmMasterServiceApplication - Started HmMasterServiceApplication in 1.654 seconds (JVM running for 1087.239)
[INFO ] 2019-12-07 18:20:48.415 [restartedMain] HmMasterServiceApplication - Starting HmMasterServiceApplication on DESKTOP-2CPTQLF with PID 7664 (C:\Users\rahul\eclipse-workspaceAkshay\HMMasterService\target\classes started by rahul in C:\Users\rahul\eclipse-workspaceAkshay\HMMasterService)
[INFO ] 2019-12-07 18:20:48.416 [restartedMain] HmMasterServiceApplication - No active profile set, falling back to default profiles: default
[INFO ] 2019-12-07 18:20:50.229 [restartedMain] HmMasterServiceApplication - Started HmMasterServiceApplication in 1.85 seconds (JVM running for 1398.944)
[INFO ] 2019-12-09 03:10:55.706 [restartedMain] HmMasterServiceApplication - Starting HmMasterServiceApplication on Akshay-PC with PID 1136 (started by Akshay in E:\For Project\HMMasterService)
[INFO ] 2019-12-09 03:10:55.709 [restartedMain] HmMasterServiceApplication - No active profile set, falling back to default profiles: default
[INFO ] 2019-12-09 03:11:02.529 [restartedMain] HmMasterServiceApplication - Started HmMasterServiceApplication in 7.245 seconds (JVM running for 11.865)
[INFO ] 2019-12-09 03:26:28.676 [restartedMain] HmMasterServiceApplication - Starting HmMasterServiceApplication on Akshay-PC with PID 5664 (started by Akshay in E:\For Project\HMMasterService)
[INFO ] 2019-12-09 03:26:28.682 [restartedMain] HmMasterServiceApplication - No active profile set, falling back to default profiles: default
[INFO ] 2019-12-09 03:26:34.530 [restartedMain] HmMasterServiceApplication - Started HmMasterServiceApplication in 6.272 seconds (JVM running for 10.645)
[INFO ] 2019-12-09 03:27:24.169 [restartedMain] HmMasterServiceApplication - Starting HmMasterServiceApplication on Akshay-PC with PID 5664 (started by Akshay in E:\For Project\HMMasterService)
[INFO ] 2019-12-09 03:27:24.169 [restartedMain] HmMasterServiceApplication - No active profile set, falling back to default profiles: default
[INFO ] 2019-12-09 03:27:26.312 [restartedMain] HmMasterServiceApplication - Started HmMasterServiceApplication in 2.198 seconds (JVM running for 62.426)
[INFO ] 2019-12-09 04:40:44.041 [restartedMain] HmMasterServiceApplication - Starting HmMasterServiceApplication on Akshay-PC with PID 2892 (started by Akshay in E:\For Project\HMMasterService)
[INFO ] 2019-12-09 04:40:44.046 [restartedMain] HmMasterServiceApplication - No active profile set, falling back to default profiles: default
[INFO ] 2019-12-09 04:40:49.987 [restartedMain] HmMasterServiceApplication - Started HmMasterServiceApplication in 6.356 seconds (JVM running for 7.761)
[INFO ] 2019-12-09 06:54:56.792 [restartedMain] HmMasterServiceApplication - Starting HmMasterServiceApplication on Akshay-PC with PID 6016 (started by Akshay in E:\For Project\HMMasterService)
[INFO ] 2019-12-09 06:54:56.798 [restartedMain] HmMasterServiceApplication - No active profile set, falling back to default profiles: default
[INFO ] 2019-12-09 06:55:05.659 [restartedMain] HmMasterServiceApplication - Started HmMasterServiceApplication in 9.415 seconds (JVM running for 13.985)
[INFO ] 2019-12-09 07:13:15.620 [restartedMain] HmMasterServiceApplication - Starting HmMasterServiceApplication on Akshay-PC with PID 7944 (started by Akshay in E:\For Project\HMMasterService)
[INFO ] 2019-12-09 07:13:15.625 [restartedMain] HmMasterServiceApplication - No active profile set, falling back to default profiles: default
[INFO ] 2019-12-09 07:13:21.699 [restartedMain] HmMasterServiceApplication - Started HmMasterServiceApplication in 6.469 seconds (JVM running for 7.611)
[INFO ] 2019-12-09 07:15:30.275 [restartedMain] HmMasterServiceApplication - Starting HmMasterServiceApplication on Akshay-PC with PID 7944 (started by Akshay in E:\For Project\HMMasterService)
[INFO ] 2019-12-09 07:15:30.276 [restartedMain] HmMasterServiceApplication - No active profile set, falling back to default profiles: default
[INFO ] 2019-12-09 07:15:32.313 [restartedMain] HmMasterServiceApplication - Started HmMasterServiceApplication in 2.083 seconds (JVM running for 138.225)
[INFO ] 2019-12-09 07:22:40.669 [restartedMain] HmMasterServiceApplication - Starting HmMasterServiceApplication on Akshay-PC with PID 6608 (started by Akshay in E:\For Project\HMMasterService)
[INFO ] 2019-12-09 07:22:40.675 [restartedMain] HmMasterServiceApplication - No active profile set, falling back to default profiles: default
[INFO ] 2019-12-09 07:22:47.165 [restartedMain] HmMasterServiceApplication - Started HmMasterServiceApplication in 6.917 seconds (JVM running for 8.216)
[INFO ] 2019-12-09 07:26:42.739 [restartedMain] HmMasterServiceApplication - Starting HmMasterServiceApplication on Akshay-PC with PID 6608 (started by Akshay in E:\For Project\HMMasterService)
[INFO ] 2019-12-09 07:26:42.740 [restartedMain] HmMasterServiceApplication - No active profile set, falling back to default profiles: default
[INFO ] 2019-12-09 07:26:44.972 [restartedMain] HmMasterServiceApplication - Started HmMasterServiceApplication in 2.34 seconds (JVM running for 246.021)
[INFO ] 2019-12-09 07:27:42.199 [restartedMain] HmMasterServiceApplication - Starting HmMasterServiceApplication on Akshay-PC with PID 6608 (started by Akshay in E:\For Project\HMMasterService)
[INFO ] 2019-12-09 07:27:42.200 [restartedMain] HmMasterServiceApplication - No active profile set, falling back to default profiles: default
[INFO ] 2019-12-09 07:27:44.023 [restartedMain] HmMasterServiceApplication - Started HmMasterServiceApplication in 1.869 seconds (JVM running for 305.072)
[INFO ] 2019-12-09 07:29:13.317 [restartedMain] HmMasterServiceApplication - Starting HmMasterServiceApplication on Akshay-PC with PID 7288 (started by Akshay in E:\For Project\HMMasterService)
[INFO ] 2019-12-09 07:29:13.322 [restartedMain] HmMasterServiceApplication - No active profile set, falling back to default profiles: default
[INFO ] 2019-12-09 07:29:19.413 [restartedMain] HmMasterServiceApplication - Started HmMasterServiceApplication in 6.529 seconds (JVM running for 7.822)
[INFO ] 2019-12-09 07:30:40.365 [restartedMain] HmMasterServiceApplication - Starting HmMasterServiceApplication on Akshay-PC with PID 436 (started by Akshay in E:\For Project\HMMasterService)
[INFO ] 2019-12-09 07:30:40.372 [restartedMain] HmMasterServiceApplication - No active profile set, falling back to default profiles: default
[INFO ] 2019-12-09 07:30:46.196 [restartedMain] HmMasterServiceApplication - Started HmMasterServiceApplication in 6.243 seconds (JVM running for 7.646)
[INFO ] 2019-12-09 07:32:22.559 [restartedMain] HmMasterServiceApplication - Starting HmMasterServiceApplication on Akshay-PC with PID 436 (started by Akshay in E:\For Project\HMMasterService)
[INFO ] 2019-12-09 07:32:22.560 [restartedMain] HmMasterServiceApplication - No active profile set, falling back to default profiles: default
[INFO ] 2019-12-09 07:32:24.426 [restartedMain] HmMasterServiceApplication - Started HmMasterServiceApplication in 1.909 seconds (JVM running for 105.875)
[INFO ] 2019-12-09 07:32:56.389 [restartedMain] HmMasterServiceApplication - Starting HmMasterServiceApplication on Akshay-PC with PID 436 (started by Akshay in E:\For Project\HMMasterService)
[INFO ] 2019-12-09 07:32:56.390 [restartedMain] HmMasterServiceApplication - No active profile set, falling back to default profiles: default
[INFO ] 2019-12-09 07:32:59.052 [restartedMain] HmMasterServiceApplication - Started HmMasterServiceApplication in 2.706 seconds (JVM running for 140.501)
[INFO ] 2019-12-09 07:33:10.061 [restartedMain] HmMasterServiceApplication - Starting HmMasterServiceApplication on Akshay-PC with PID 436 (started by Akshay in E:\For Project\HMMasterService)
[INFO ] 2019-12-09 07:33:10.061 [restartedMain] HmMasterServiceApplication - No active profile set, falling back to default profiles: default
[INFO ] 2019-12-09 07:33:11.644 [restartedMain] HmMasterServiceApplication - Started HmMasterServiceApplication in 1.626 seconds (JVM running for 153.092)
[INFO ] 2019-12-09 07:36:43.612 [restartedMain] HmMasterServiceApplication - Starting HmMasterServiceApplication on Akshay-PC with PID 436 (started by Akshay in E:\For Project\HMMasterService)
[INFO ] 2019-12-09 07:36:43.613 [restartedMain] HmMasterServiceApplication - No active profile set, falling back to default profiles: default
[INFO ] 2019-12-09 07:36:45.217 [restartedMain] HmMasterServiceApplication - Started HmMasterServiceApplication in 1.646 seconds (JVM running for 366.664)
[INFO ] 2019-12-09 07:39:00.028 [restartedMain] HmMasterServiceApplication - Starting HmMasterServiceApplication on Akshay-PC with PID 436 (started by Akshay in E:\For Project\HMMasterService)
[INFO ] 2019-12-09 07:39:00.028 [restartedMain] HmMasterServiceApplication - No active profile set, falling back to default profiles: default
[INFO ] 2019-12-09 07:41:28.504 [restartedMain] HmMasterServiceApplication - Starting HmMasterServiceApplication on Akshay-PC with PID 392 (started by Akshay in E:\For Project\HMMasterService)
[INFO ] 2019-12-09 07:41:28.510 [restartedMain] HmMasterServiceApplication - No active profile set, falling back to default profiles: default
[INFO ] 2019-12-09 07:41:35.641 [restartedMain] HmMasterServiceApplication - Started HmMasterServiceApplication in 7.562 seconds (JVM running for 8.758)
[INFO ] 2019-12-09 07:44:33.457 [restartedMain] HmMasterServiceApplication - Starting HmMasterServiceApplication on Akshay-PC with PID 392 (started by Akshay in E:\For Project\HMMasterService)
[INFO ] 2019-12-09 07:44:33.457 [restartedMain] HmMasterServiceApplication - No active profile set, falling back to default profiles: default
[INFO ] 2019-12-09 07:44:35.982 [restartedMain] HmMasterServiceApplication - Started HmMasterServiceApplication in 2.569 seconds (JVM running for 189.097)
[INFO ] 2019-12-09 07:47:13.823 [restartedMain] HmMasterServiceApplication - Starting HmMasterServiceApplication on Akshay-PC with PID 392 (started by Akshay in E:\For Project\HMMasterService)
[INFO ] 2019-12-09 07:47:13.824 [restartedMain] HmMasterServiceApplication - No active profile set, falling back to default profiles: default
[INFO ] 2019-12-09 07:47:16.496 [restartedMain] HmMasterServiceApplication - Started HmMasterServiceApplication in 2.715 seconds (JVM running for 349.61)
[INFO ] 2019-12-09 07:47:31.375 [restartedMain] HmMasterServiceApplication - Starting HmMasterServiceApplication on Akshay-PC with PID 392 (started by Akshay in E:\For Project\HMMasterService)
[INFO ] 2019-12-09 07:47:31.376 [restartedMain] HmMasterServiceApplication - No active profile set, falling back to default profiles: default
[INFO ] 2019-12-09 07:47:33.741 [restartedMain] HmMasterServiceApplication - Started HmMasterServiceApplication in 2.406 seconds (JVM running for 366.855)
[INFO ] 2019-12-09 07:47:48.636 [restartedMain] HmMasterServiceApplication - Starting HmMasterServiceApplication on Akshay-PC with PID 392 (started by Akshay in E:\For Project\HMMasterService)
[INFO ] 2019-12-09 07:47:48.637 [restartedMain] HmMasterServiceApplication - No active profile set, falling back to default profiles: default
[INFO ] 2019-12-09 07:47:50.815 [restartedMain] HmMasterServiceApplication - Started HmMasterServiceApplication in 2.217 seconds (JVM running for 383.928)
[INFO ] 2019-12-09 07:52:25.024 [restartedMain] HmMasterServiceApplication - Starting HmMasterServiceApplication on Akshay-PC with PID 392 (started by Akshay in E:\For Project\HMMasterService)
[INFO ] 2019-12-09 07:52:25.024 [restartedMain] HmMasterServiceApplication - No active profile set, falling back to default profiles: default
[INFO ] 2019-12-09 07:52:27.386 [restartedMain] HmMasterServiceApplication - Started HmMasterServiceApplication in 2.402 seconds (JVM running for 660.497)
[INFO ] 2019-12-09 07:54:16.772 [restartedMain] HmMasterServiceApplication - Starting HmMasterServiceApplication on Akshay-PC with PID 392 (started by Akshay in E:\For Project\HMMasterService)
[INFO ] 2019-12-09 07:54:16.773 [restartedMain] HmMasterServiceApplication - No active profile set, falling back to default profiles: default
[INFO ] 2019-12-09 07:54:18.805 [restartedMain] HmMasterServiceApplication - Started HmMasterServiceApplication in 2.075 seconds (JVM running for 771.915)
[INFO ] 2019-12-09 07:56:25.327 [restartedMain] HmMasterServiceApplication - Starting HmMasterServiceApplication on Akshay-PC with PID 392 (started by Akshay in E:\For Project\HMMasterService)
[INFO ] 2019-12-09 07:56:25.327 [restartedMain] HmMasterServiceApplication - No active profile set, falling back to default profiles: default
[INFO ] 2019-12-09 07:56:26.979 [restartedMain] HmMasterServiceApplication - Started HmMasterServiceApplication in 1.701 seconds (JVM running for 900.088)
[INFO ] 2019-12-09 08:11:09.953 [restartedMain] HmMasterServiceApplication - Starting HmMasterServiceApplication on Akshay-PC with PID 392 (started by Akshay in E:\For Project\HMMasterService)
[INFO ] 2019-12-09 08:11:09.954 [restartedMain] HmMasterServiceApplication - No active profile set, falling back to default profiles: default
[INFO ] 2019-12-09 08:11:11.532 [restartedMain] HmMasterServiceApplication - Started HmMasterServiceApplication in 1.623 seconds (JVM running for 1784.633)
[INFO ] 2019-12-09 08:12:54.972 [restartedMain] HmMasterServiceApplication - Starting HmMasterServiceApplication on Akshay-PC with PID 392 (started by Akshay in E:\For Project\HMMasterService)
[INFO ] 2019-12-09 08:12:54.973 [restartedMain] HmMasterServiceApplication - No active profile set, falling back to default profiles: default
[INFO ] 2019-12-09 08:12:56.584 [restartedMain] HmMasterServiceApplication - Started HmMasterServiceApplication in 1.652 seconds (JVM running for 1889.684)
[INFO ] 2019-12-09 08:13:15.400 [restartedMain] HmMasterServiceApplication - Starting HmMasterServiceApplication on Akshay-PC with PID 392 (started by Akshay in E:\For Project\HMMasterService)
[INFO ] 2019-12-09 08:13:15.401 [restartedMain] HmMasterServiceApplication - No active profile set, falling back to default profiles: default
[INFO ] 2019-12-09 08:13:16.903 [restartedMain] HmMasterServiceApplication - Started HmMasterServiceApplication in 1.539 seconds (JVM running for 1910.003)
[INFO ] 2019-12-09 08:15:47.415 [restartedMain] HmMasterServiceApplication - Starting HmMasterServiceApplication on Akshay-PC with PID 392 (started by Akshay in E:\For Project\HMMasterService)
[INFO ] 2019-12-09 08:15:47.415 [restartedMain] HmMasterServiceApplication - No active profile set, falling back to default profiles: default
[INFO ] 2019-12-09 08:15:48.874 [restartedMain] HmMasterServiceApplication - Started HmMasterServiceApplication in 1.499 seconds (JVM running for 2061.972)
[INFO ] 2019-12-09 08:16:58.088 [restartedMain] HmMasterServiceApplication - Starting HmMasterServiceApplication on Akshay-PC with PID 392 (started by Akshay in E:\For Project\HMMasterService)
[INFO ] 2019-12-09 08:16:58.089 [restartedMain] HmMasterServiceApplication - No active profile set, falling back to default profiles: default
[INFO ] 2019-12-09 08:17:00.722 [restartedMain] HmMasterServiceApplication - Started HmMasterServiceApplication in 2.673 seconds (JVM running for 2133.82)
[INFO ] 2019-12-09 08:20:33.849 [restartedMain] HmMasterServiceApplication - Starting HmMasterServiceApplication on Akshay-PC with PID 392 (started by Akshay in E:\For Project\HMMasterService)
[INFO ] 2019-12-09 08:20:33.849 [restartedMain] HmMasterServiceApplication - No active profile set, falling back to default profiles: default
[INFO ] 2019-12-09 08:20:35.342 [restartedMain] HmMasterServiceApplication - Started HmMasterServiceApplication in 1.531 seconds (JVM running for 2348.438)
[INFO ] 2019-12-09 23:29:14.417 [restartedMain] HmMasterServiceApplication - Starting HmMasterServiceApplication on Akshay-PC with PID 3048 (started by Akshay in E:\For Project\HMMasterService)
[INFO ] 2019-12-09 23:29:14.422 [restartedMain] HmMasterServiceApplication - No active profile set, falling back to default profiles: default
[INFO ] 2019-12-09 23:29:22.633 [restartedMain] HmMasterServiceApplication - Started HmMasterServiceApplication in 8.689 seconds (JVM running for 10.158)
[INFO ] 2019-12-10 00:58:59.793 [restartedMain] HmMasterServiceApplication - Starting HmMasterServiceApplication on Akshay-PC with PID 4188 (started by Akshay in E:\For Project\HMMasterService)
[INFO ] 2019-12-10 00:58:59.842 [restartedMain] HmMasterServiceApplication - No active profile set, falling back to default profiles: default
[INFO ] 2019-12-10 00:59:10.546 [restartedMain] HmMasterServiceApplication - Started HmMasterServiceApplication in 11.18 seconds (JVM running for 12.656)
[INFO ] 2019-12-10 01:13:22.172 [restartedMain] HmMasterServiceApplication - Starting HmMasterServiceApplication on Akshay-PC with PID 4188 (started by Akshay in E:\For Project\HMMasterService)
[INFO ] 2019-12-10 01:13:22.172 [restartedMain] HmMasterServiceApplication - No active profile set, falling back to default profiles: default
[INFO ] 2019-12-10 01:13:24.357 [restartedMain] HmMasterServiceApplication - Started HmMasterServiceApplication in 2.232 seconds (JVM running for 866.46)
[INFO ] 2019-12-10 01:16:22.285 [restartedMain] HmMasterServiceApplication - Starting HmMasterServiceApplication on Akshay-PC with PID 4188 (started by Akshay in E:\For Project\HMMasterService)
[INFO ] 2019-12-10 01:16:22.286 [restartedMain] HmMasterServiceApplication - No active profile set, falling back to default profiles: default
[INFO ] 2019-12-10 01:16:24.129 [restartedMain] HmMasterServiceApplication - Started HmMasterServiceApplication in 1.886 seconds (JVM running for 1046.23)
[INFO ] 2019-12-10 01:47:19.020 [restartedMain] HmMasterServiceApplication - Starting HmMasterServiceApplication on Akshay-PC with PID 9480 (started by Akshay in E:\For Project\HMMasterService)
[INFO ] 2019-12-10 01:47:19.027 [restartedMain] HmMasterServiceApplication - No active profile set, falling back to default profiles: default
[INFO ] 2019-12-10 01:47:25.234 [restartedMain] HmMasterServiceApplication - Started HmMasterServiceApplication in 6.619 seconds (JVM running for 7.9)
[INFO ] 2019-12-10 01:53:15.676 [restartedMain] HmMasterServiceApplication - Starting HmMasterServiceApplication on Akshay-PC with PID 10116 (started by Akshay in E:\For Project\HMMasterService)
[INFO ] 2019-12-10 01:53:15.681 [restartedMain] HmMasterServiceApplication - No active profile set, falling back to default profiles: default
[INFO ] 2019-12-10 01:53:21.855 [restartedMain] HmMasterServiceApplication - Started HmMasterServiceApplication in 6.601 seconds (JVM running for 7.758)
[INFO ] 2019-12-10 02:09:17.601 [restartedMain] HmMasterServiceApplication - Starting HmMasterServiceApplication on Akshay-PC with PID 10116 (started by Akshay in E:\For Project\HMMasterService)
[INFO ] 2019-12-10 02:09:17.601 [restartedMain] HmMasterServiceApplication - No active profile set, falling back to default profiles: default
[INFO ] 2019-12-10 02:09:19.501 [restartedMain] HmMasterServiceApplication - Started HmMasterServiceApplication in 1.944 seconds (JVM running for 965.396)
[INFO ] 2019-12-10 02:10:43.698 [restartedMain] HmMasterServiceApplication - Starting HmMasterServiceApplication on Akshay-PC with PID 10116 (started by Akshay in E:\For Project\HMMasterService)
[INFO ] 2019-12-10 02:10:43.699 [restartedMain] HmMasterServiceApplication - No active profile set, falling back to default profiles: default
[INFO ] 2019-12-10 02:10:45.524 [restartedMain] HmMasterServiceApplication - Started HmMasterServiceApplication in 1.869 seconds (JVM running for 1051.418)
[INFO ] 2019-12-10 02:15:25.796 [restartedMain] HmMasterServiceApplication - Starting HmMasterServiceApplication on Akshay-PC with PID 10116 (started by Akshay in E:\For Project\HMMasterService)
[INFO ] 2019-12-10 02:15:25.796 [restartedMain] HmMasterServiceApplication - No active profile set, falling back to default profiles: default
[INFO ] 2019-12-10 02:16:03.039 [restartedMain] HmMasterServiceApplication - Starting HmMasterServiceApplication on Akshay-PC with PID 10116 (started by Akshay in E:\For Project\HMMasterService)
[INFO ] 2019-12-10 02:16:03.039 [restartedMain] HmMasterServiceApplication - No active profile set, falling back to default profiles: default
[INFO ] 2019-12-10 02:16:04.754 [restartedMain] HmMasterServiceApplication - Started HmMasterServiceApplication in 1.77 seconds (JVM running for 1370.645)
[INFO ] 2019-12-10 02:26:29.933 [restartedMain] HmMasterServiceApplication - Starting HmMasterServiceApplication on Akshay-PC with PID 10116 (started by Akshay in E:\For Project\HMMasterService)
[INFO ] 2019-12-10 02:26:29.934 [restartedMain] HmMasterServiceApplication - No active profile set, falling back to default profiles: default
[INFO ] 2019-12-10 02:27:30.268 [restartedMain] HmMasterServiceApplication - Starting HmMasterServiceApplication on Akshay-PC with PID 10116 (started by Akshay in E:\For Project\HMMasterService)
[INFO ] 2019-12-10 02:27:30.268 [restartedMain] HmMasterServiceApplication - No active profile set, falling back to default profiles: default
[INFO ] 2019-12-10 02:27:31.961 [restartedMain] HmMasterServiceApplication - Started HmMasterServiceApplication in 1.747 seconds (JVM running for 2057.846)
[INFO ] 2019-12-10 02:27:39.832 [restartedMain] HmMasterServiceApplication - Starting HmMasterServiceApplication on Akshay-PC with PID 10116 (started by Akshay in E:\For Project\HMMasterService)
[INFO ] 2019-12-10 02:27:39.832 [restartedMain] HmMasterServiceApplication - No active profile set, falling back to default profiles: default
[INFO ] 2019-12-10 02:27:41.435 [restartedMain] HmMasterServiceApplication - Started HmMasterServiceApplication in 1.64 seconds (JVM running for 2067.32)
[INFO ] 2019-12-10 02:30:10.092 [restartedMain] HmMasterServiceApplication - Starting HmMasterServiceApplication on Akshay-PC with PID 10116 (started by Akshay in E:\For Project\HMMasterService)
[INFO ] 2019-12-10 02:30:10.093 [restartedMain] HmMasterServiceApplication - No active profile set, falling back to default profiles: default
[INFO ] 2019-12-10 02:30:11.590 [restartedMain] HmMasterServiceApplication - Started HmMasterServiceApplication in 1.54 seconds (JVM running for 2217.473)
[INFO ] 2019-12-10 03:48:13.114 [restartedMain] HmMasterServiceApplication - Starting HmMasterServiceApplication on Akshay-PC with PID 10116 (started by Akshay in E:\For Project\HMMasterService)
[INFO ] 2019-12-10 03:48:13.114 [restartedMain] HmMasterServiceApplication - No active profile set, falling back to default profiles: default
[INFO ] 2019-12-10 03:48:14.680 [restartedMain] HmMasterServiceApplication - Started HmMasterServiceApplication in 1.611 seconds (JVM running for 6900.405)
[INFO ] 2019-12-10 04:06:16.089 [restartedMain] HmMasterServiceApplication - Starting HmMasterServiceApplication on Akshay-PC with PID 16660 (started by Akshay in E:\For Project\HMMasterService)
[INFO ] 2019-12-10 04:06:16.094 [restartedMain] HmMasterServiceApplication - No active profile set, falling back to default profiles: default
[INFO ] 2019-12-10 04:06:22.436 [restartedMain] HmMasterServiceApplication - Started HmMasterServiceApplication in 7.003 seconds (JVM running for 11.566)
[INFO ] 2019-12-10 04:12:24.671 [restartedMain] HmMasterServiceApplication - Starting HmMasterServiceApplication on Akshay-PC with PID 16660 (started by Akshay in E:\For Project\HMMasterService)
[INFO ] 2019-12-10 04:12:24.671 [restartedMain] HmMasterServiceApplication - No active profile set, falling back to default profiles: default
[INFO ] 2019-12-10 04:12:26.468 [restartedMain] HmMasterServiceApplication - Started HmMasterServiceApplication in 1.852 seconds (JVM running for 375.595)
[INFO ] 2019-12-10 04:13:34.451 [restartedMain] HmMasterServiceApplication - Starting HmMasterServiceApplication on Akshay-PC with PID 16660 (started by Akshay in E:\For Project\HMMasterService)
[INFO ] 2019-12-10 04:13:34.452 [restartedMain] HmMasterServiceApplication - No active profile set, falling back to default profiles: default
[INFO ] 2019-12-10 04:13:36.352 [restartedMain] HmMasterServiceApplication - Started HmMasterServiceApplication in 1.958 seconds (JVM running for 445.477)
[INFO ] 2019-12-10 04:14:58.011 [restartedMain] HmMasterServiceApplication - Starting HmMasterServiceApplication on Akshay-PC with PID 16660 (started by Akshay in E:\For Project\HMMasterService)
[INFO ] 2019-12-10 04:14:58.011 [restartedMain] HmMasterServiceApplication - No active profile set, falling back to default profiles: default
[INFO ] 2019-12-10 04:14:59.569 [restartedMain] HmMasterServiceApplication - Started HmMasterServiceApplication in 1.604 seconds (JVM running for 528.694)
[INFO ] 2019-12-10 04:15:12.069 [restartedMain] HmMasterServiceApplication - Starting HmMasterServiceApplication on Akshay-PC with PID 16660 (started by Akshay in E:\For Project\HMMasterService)
[INFO ] 2019-12-10 04:15:12.070 [restartedMain] HmMasterServiceApplication - No active profile set, falling back to default profiles: default
[INFO ] 2019-12-10 04:15:13.517 [restartedMain] HmMasterServiceApplication - Started HmMasterServiceApplication in 1.485 seconds (JVM running for 542.641)
[INFO ] 2019-12-10 04:15:39.966 [restartedMain] HmMasterServiceApplication - Starting HmMasterServiceApplication on Akshay-PC with PID 16660 (started by Akshay in E:\For Project\HMMasterService)
[INFO ] 2019-12-10 04:15:39.966 [restartedMain] HmMasterServiceApplication - No active profile set, falling back to default profiles: default
[INFO ] 2019-12-10 04:15:41.363 [restartedMain] HmMasterServiceApplication - Started HmMasterServiceApplication in 1.438 seconds (JVM running for 570.488)
[INFO ] 2019-12-10 04:16:17.010 [restartedMain] HmMasterServiceApplication - Starting HmMasterServiceApplication on Akshay-PC with PID 16660 (started by Akshay in E:\For Project\HMMasterService)
[INFO ] 2019-12-10 04:16:17.011 [restartedMain] HmMasterServiceApplication - No active profile set, falling back to default profiles: default
[INFO ] 2019-12-10 04:16:18.412 [restartedMain] HmMasterServiceApplication - Started HmMasterServiceApplication in 1.443 seconds (JVM running for 607.537)
[INFO ] 2019-12-10 04:21:02.609 [restartedMain] HmMasterServiceApplication - Starting HmMasterServiceApplication on Akshay-PC with PID 16660 (started by Akshay in E:\For Project\HMMasterService)
[INFO ] 2019-12-10 04:21:02.610 [restartedMain] HmMasterServiceApplication - No active profile set, falling back to default profiles: default
[INFO ] 2019-12-10 04:21:04.062 [restartedMain] HmMasterServiceApplication - Started HmMasterServiceApplication in 1.493 seconds (JVM running for 893.183)
[INFO ] 2019-12-10 04:23:39.699 [restartedMain] HmMasterServiceApplication - Starting HmMasterServiceApplication on Akshay-PC with PID 16660 (started by Akshay in E:\For Project\HMMasterService)
[INFO ] 2019-12-10 04:23:39.700 [restartedMain] HmMasterServiceApplication - No active profile set, falling back to default profiles: default
[INFO ] 2019-12-10 04:23:41.152 [restartedMain] HmMasterServiceApplication - Started HmMasterServiceApplication in 1.491 seconds (JVM running for 1050.272)
[INFO ] 2019-12-10 04:24:25.747 [restartedMain] HmMasterServiceApplication - Starting HmMasterServiceApplication on Akshay-PC with PID 16660 (started by Akshay in E:\For Project\HMMasterService)
[INFO ] 2019-12-10 04:24:25.748 [restartedMain] HmMasterServiceApplication - No active profile set, falling back to default profiles: default
[INFO ] 2019-12-10 04:24:27.131 [restartedMain] HmMasterServiceApplication - Started HmMasterServiceApplication in 1.421 seconds (JVM running for 1096.252)
[INFO ] 2019-12-10 04:27:39.187 [restartedMain] HmMasterServiceApplication - Starting HmMasterServiceApplication on Akshay-PC with PID 16660 (started by Akshay in E:\For Project\HMMasterService)
[INFO ] 2019-12-10 04:27:39.188 [restartedMain] HmMasterServiceApplication - No active profile set, falling back to default profiles: default
[INFO ] 2019-12-10 04:27:40.636 [restartedMain] HmMasterServiceApplication - Started HmMasterServiceApplication in 1.487 seconds (JVM running for 1289.755)
[INFO ] 2019-12-10 04:27:54.102 [restartedMain] HmMasterServiceApplication - Starting HmMasterServiceApplication on Akshay-PC with PID 16660 (started by Akshay in E:\For Project\HMMasterService)
[INFO ] 2019-12-10 04:27:54.103 [restartedMain] HmMasterServiceApplication - No active profile set, falling back to default profiles: default
[INFO ] 2019-12-10 04:27:55.531 [restartedMain] HmMasterServiceApplication - Started HmMasterServiceApplication in 1.467 seconds (JVM running for 1304.649)
[INFO ] 2019-12-10 04:29:27.570 [restartedMain] HmMasterServiceApplication - Starting HmMasterServiceApplication on Akshay-PC with PID 16660 (started by Akshay in E:\For Project\HMMasterService)
[INFO ] 2019-12-10 04:29:27.571 [restartedMain] HmMasterServiceApplication - No active profile set, falling back to default profiles: default
[INFO ] 2019-12-10 04:29:28.913 [restartedMain] HmMasterServiceApplication - Started HmMasterServiceApplication in 1.379 seconds (JVM running for 1398.03)
[INFO ] 2019-12-10 04:54:28.239 [restartedMain] HmMasterServiceApplication - Starting HmMasterServiceApplication on Akshay-PC with PID 16660 (started by Akshay in E:\For Project\HMMasterService)
[INFO ] 2019-12-10 04:54:28.240 [restartedMain] HmMasterServiceApplication - No active profile set, falling back to default profiles: default
[INFO ] 2019-12-10 04:54:29.840 [restartedMain] HmMasterServiceApplication - Started HmMasterServiceApplication in 1.645 seconds (JVM running for 2898.938)
[INFO ] 2019-12-10 04:54:35.719 [restartedMain] HmMasterServiceApplication - Starting HmMasterServiceApplication on Akshay-PC with PID 16660 (started by Akshay in E:\For Project\HMMasterService)
[INFO ] 2019-12-10 04:54:35.720 [restartedMain] HmMasterServiceApplication - No active profile set, falling back to default profiles: default
[INFO ] 2019-12-10 04:54:37.290 [restartedMain] HmMasterServiceApplication - Started HmMasterServiceApplication in 1.608 seconds (JVM running for 2906.388)
[INFO ] 2019-12-10 04:55:20.271 [restartedMain] HmMasterServiceApplication - Starting HmMasterServiceApplication on Akshay-PC with PID 16660 (started by Akshay in E:\For Project\HMMasterService)
[INFO ] 2019-12-10 04:55:20.272 [restartedMain] HmMasterServiceApplication - No active profile set, falling back to default profiles: default
[INFO ] 2019-12-10 04:55:21.722 [restartedMain] HmMasterServiceApplication - Started HmMasterServiceApplication in 1.487 seconds (JVM running for 2950.82)
[INFO ] 2019-12-10 04:56:28.920 [restartedMain] HmMasterServiceApplication - Starting HmMasterServiceApplication on Akshay-PC with PID 16660 (started by Akshay in E:\For Project\HMMasterService)
[INFO ] 2019-12-10 04:56:28.921 [restartedMain] HmMasterServiceApplication - No active profile set, falling back to default profiles: default
[INFO ] 2019-12-10 04:56:30.468 [restartedMain] HmMasterServiceApplication - Started HmMasterServiceApplication in 1.588 seconds (JVM running for 3019.565)
[INFO ] 2019-12-10 05:00:52.241 [restartedMain] HmMasterServiceApplication - Starting HmMasterServiceApplication on Akshay-PC with PID 16660 (started by Akshay in E:\For Project\HMMasterService)
[INFO ] 2019-12-10 05:00:52.242 [restartedMain] HmMasterServiceApplication - No active profile set, falling back to default profiles: default
[INFO ] 2019-12-10 05:00:53.661 [restartedMain] HmMasterServiceApplication - Started HmMasterServiceApplication in 1.457 seconds (JVM running for 3282.756)
[INFO ] 2019-12-10 05:01:13.510 [restartedMain] HmMasterServiceApplication - Starting HmMasterServiceApplication on Akshay-PC with PID 16660 (started by Akshay in E:\For Project\HMMasterService)
[INFO ] 2019-12-10 05:01:13.511 [restartedMain] HmMasterServiceApplication - No active profile set, falling back to default profiles: default
[INFO ] 2019-12-10 05:01:14.939 [restartedMain] HmMasterServiceApplication - Started HmMasterServiceApplication in 1.464 seconds (JVM running for 3304.034)
[INFO ] 2019-12-10 05:01:43.940 [restartedMain] HmMasterServiceApplication - Starting HmMasterServiceApplication on Akshay-PC with PID 16660 (started by Akshay in E:\For Project\HMMasterService)
[INFO ] 2019-12-10 05:01:43.941 [restartedMain] HmMasterServiceApplication - No active profile set, falling back to default profiles: default
[INFO ] 2019-12-10 05:01:45.439 [restartedMain] HmMasterServiceApplication - Started HmMasterServiceApplication in 1.535 seconds (JVM running for 3334.534)
[INFO ] 2019-12-10 05:03:31.841 [restartedMain] HmMasterServiceApplication - Starting HmMasterServiceApplication on Akshay-PC with PID 16660 (started by Akshay in E:\For Project\HMMasterService)
[INFO ] 2019-12-10 05:03:31.842 [restartedMain] HmMasterServiceApplication - No active profile set, falling back to default profiles: default
[INFO ] 2019-12-10 05:03:33.427 [restartedMain] HmMasterServiceApplication - Started HmMasterServiceApplication in 1.626 seconds (JVM running for 3442.521)
[INFO ] 2019-12-10 05:04:56.882 [restartedMain] HmMasterServiceApplication - Starting HmMasterServiceApplication on Akshay-PC with PID 16660 (started by Akshay in E:\For Project\HMMasterService)
[INFO ] 2019-12-10 05:04:56.883 [restartedMain] HmMasterServiceApplication - No active profile set, falling back to default profiles: default
[INFO ] 2019-12-10 05:04:58.326 [restartedMain] HmMasterServiceApplication - Started HmMasterServiceApplication in 1.488 seconds (JVM running for 3527.419)
[INFO ] 2019-12-10 05:05:02.112 [restartedMain] HmMasterServiceApplication - Starting HmMasterServiceApplication on Akshay-PC with PID 16660 (started by Akshay in E:\For Project\HMMasterService)
[INFO ] 2019-12-10 05:05:02.113 [restartedMain] HmMasterServiceApplication - No active profile set, falling back to default profiles: default
[INFO ] 2019-12-10 05:05:03.516 [restartedMain] HmMasterServiceApplication - Started HmMasterServiceApplication in 1.439 seconds (JVM running for 3532.61)
[INFO ] 2019-12-10 05:24:20.723 [restartedMain] HmMasterServiceApplication - Starting HmMasterServiceApplication on Akshay-PC with PID 16660 (started by Akshay in E:\For Project\HMMasterService)
[INFO ] 2019-12-10 05:24:20.724 [restartedMain] HmMasterServiceApplication - No active profile set, falling back to default profiles: default
[INFO ] 2019-12-10 05:24:22.288 [restartedMain] HmMasterServiceApplication - Started HmMasterServiceApplication in 1.607 seconds (JVM running for 4691.355)
[INFO ] 2019-12-10 05:27:43.147 [restartedMain] HmMasterServiceApplication - Starting HmMasterServiceApplication on Akshay-PC with PID 16660 (started by Akshay in E:\For Project\HMMasterService)
[INFO ] 2019-12-10 05:27:43.148 [restartedMain] HmMasterServiceApplication - No active profile set, falling back to default profiles: default
[INFO ] 2019-12-10 05:27:44.560 [restartedMain] HmMasterServiceApplication - Started HmMasterServiceApplication in 1.45 seconds (JVM running for 4893.623)
[INFO ] 2019-12-10 05:29:30.006 [restartedMain] HmMasterServiceApplication - Starting HmMasterServiceApplication on Akshay-PC with PID 16660 (started by Akshay in E:\For Project\HMMasterService)
[INFO ] 2019-12-10 05:29:30.007 [restartedMain] HmMasterServiceApplication - No active profile set, falling back to default profiles: default
[INFO ] 2019-12-10 05:29:31.861 [restartedMain] HmMasterServiceApplication - Started HmMasterServiceApplication in 1.911 seconds (JVM running for 5000.924)
[INFO ] 2019-12-10 05:30:55.071 [restartedMain] HmMasterServiceApplication - Starting HmMasterServiceApplication on Akshay-PC with PID 16660 (started by Akshay in E:\For Project\HMMasterService)
[INFO ] 2019-12-10 05:30:55.072 [restartedMain] HmMasterServiceApplication - No active profile set, falling back to default profiles: default
[INFO ] 2019-12-10 05:30:56.677 [restartedMain] HmMasterServiceApplication - Started HmMasterServiceApplication in 1.641 seconds (JVM running for 5085.739)
[INFO ] 2019-12-10 05:31:20.689 [restartedMain] HmMasterServiceApplication - Starting HmMasterServiceApplication on Akshay-PC with PID 16660 (started by Akshay in E:\For Project\HMMasterService)
[INFO ] 2019-12-10 05:31:20.689 [restartedMain] HmMasterServiceApplication - No active profile set, falling back to default profiles: default
[INFO ] 2019-12-10 05:31:22.167 [restartedMain] HmMasterServiceApplication - Started HmMasterServiceApplication in 1.534 seconds (JVM running for 5111.23)
[INFO ] 2019-12-10 05:31:59.120 [restartedMain] HmMasterServiceApplication - Starting HmMasterServiceApplication on Akshay-PC with PID 16660 (started by Akshay in E:\For Project\HMMasterService)
[INFO ] 2019-12-10 05:31:59.121 [restartedMain] HmMasterServiceApplication - No active profile set, falling back to default profiles: default
[INFO ] 2019-12-10 05:32:00.553 [restartedMain] HmMasterServiceApplication - Started HmMasterServiceApplication in 1.469 seconds (JVM running for 5149.616)
[INFO ] 2019-12-10 05:33:14.805 [restartedMain] HmMasterServiceApplication - Starting HmMasterServiceApplication on Akshay-PC with PID 16660 (started by Akshay in E:\For Project\HMMasterService)
[INFO ] 2019-12-10 05:33:14.805 [restartedMain] HmMasterServiceApplication - No active profile set, falling back to default profiles: default
[INFO ] 2019-12-10 05:33:16.297 [restartedMain] HmMasterServiceApplication - Started HmMasterServiceApplication in 1.526 seconds (JVM running for 5225.358)
[INFO ] 2019-12-10 05:34:32.619 [restartedMain] HmMasterServiceApplication - Starting HmMasterServiceApplication on Akshay-PC with PID 16660 (started by Akshay in E:\For Project\HMMasterService)
[INFO ] 2019-12-10 05:34:32.620 [restartedMain] HmMasterServiceApplication - No active profile set, falling back to default profiles: default
[INFO ] 2019-12-10 05:34:34.027 [restartedMain] HmMasterServiceApplication - Started HmMasterServiceApplication in 1.445 seconds (JVM running for 5303.088)
[INFO ] 2019-12-10 05:45:21.592 [restartedMain] HmMasterServiceApplication - Starting HmMasterServiceApplication on Akshay-PC with PID 26092 (started by Akshay in E:\For Project\HMMasterService)
[INFO ] 2019-12-10 05:45:21.599 [restartedMain] HmMasterServiceApplication - No active profile set, falling back to default profiles: default
[INFO ] 2019-12-10 05:45:28.311 [restartedMain] HmMasterServiceApplication - Started HmMasterServiceApplication in 7.184 seconds (JVM running for 8.991)
[INFO ] 2019-12-10 05:46:24.657 [restartedMain] HmMasterServiceApplication - Starting HmMasterServiceApplication on Akshay-PC with PID 26092 (started by Akshay in E:\For Project\HMMasterService)
[INFO ] 2019-12-10 05:46:24.658 [restartedMain] HmMasterServiceApplication - No active profile set, falling back to default profiles: default
[INFO ] 2019-12-10 05:46:26.514 [restartedMain] HmMasterServiceApplication - Started HmMasterServiceApplication in 1.901 seconds (JVM running for 67.192)
[INFO ] 2019-12-10 05:47:51.458 [restartedMain] HmMasterServiceApplication - Starting HmMasterServiceApplication on Akshay-PC with PID 26092 (started by Akshay in E:\For Project\HMMasterService)
[INFO ] 2019-12-10 05:47:51.459 [restartedMain] HmMasterServiceApplication - No active profile set, falling back to default profiles: default
[INFO ] 2019-12-10 05:47:53.117 [restartedMain] HmMasterServiceApplication - Started HmMasterServiceApplication in 1.701 seconds (JVM running for 153.794)
[INFO ] 2019-12-10 05:50:48.491 [restartedMain] HmMasterServiceApplication - Starting HmMasterServiceApplication on Akshay-PC with PID 26092 (started by Akshay in E:\For Project\HMMasterService)
[INFO ] 2019-12-10 05:50:48.492 [restartedMain] HmMasterServiceApplication - No active profile set, falling back to default profiles: default
[INFO ] 2019-12-10 05:50:50.537 [restartedMain] HmMasterServiceApplication - Started HmMasterServiceApplication in 2.11 seconds (JVM running for 331.213)
[INFO ] 2019-12-10 05:51:17.652 [restartedMain] HmMasterServiceApplication - Starting HmMasterServiceApplication on Akshay-PC with PID 26092 (started by Akshay in E:\For Project\HMMasterService)
[INFO ] 2019-12-10 05:51:17.653 [restartedMain] HmMasterServiceApplication - No active profile set, falling back to default profiles: default
[INFO ] 2019-12-10 05:51:19.210 [restartedMain] HmMasterServiceApplication - Started HmMasterServiceApplication in 1.597 seconds (JVM running for 359.886)
[INFO ] 2019-12-10 05:52:26.538 [restartedMain] HmMasterServiceApplication - Starting HmMasterServiceApplication on Akshay-PC with PID 26092 (started by Akshay in E:\For Project\HMMasterService)
[INFO ] 2019-12-10 05:52:26.538 [restartedMain] HmMasterServiceApplication - No active profile set, falling back to default profiles: default
[INFO ] 2019-12-10 05:52:28.116 [restartedMain] HmMasterServiceApplication - Started HmMasterServiceApplication in 1.637 seconds (JVM running for 428.792)
[INFO ] 2019-12-10 05:54:17.981 [restartedMain] HmMasterServiceApplication - Starting HmMasterServiceApplication on Akshay-PC with PID 26092 (started by Akshay in E:\For Project\HMMasterService)
[INFO ] 2019-12-10 05:54:17.981 [restartedMain] HmMasterServiceApplication - No active profile set, falling back to default profiles: default
[INFO ] 2019-12-10 05:54:19.593 [restartedMain] HmMasterServiceApplication - Started HmMasterServiceApplication in 1.654 seconds (JVM running for 540.267)
[INFO ] 2019-12-10 05:54:21.432 [restartedMain] HmMasterServiceApplication - Starting HmMasterServiceApplication on Akshay-PC with PID 26092 (started by Akshay in E:\For Project\HMMasterService)
[INFO ] 2019-12-10 05:54:21.432 [restartedMain] HmMasterServiceApplication - No active profile set, falling back to default profiles: default
[INFO ] 2019-12-10 05:54:22.942 [restartedMain] HmMasterServiceApplication - Started HmMasterServiceApplication in 1.55 seconds (JVM running for 543.617)
[INFO ] 2019-12-10 05:56:53.129 [restartedMain] HmMasterServiceApplication - Starting HmMasterServiceApplication on Akshay-PC with PID 26092 (started by Akshay in E:\For Project\HMMasterService)
[INFO ] 2019-12-10 05:56:53.130 [restartedMain] HmMasterServiceApplication - No active profile set, falling back to default profiles: default
[INFO ] 2019-12-10 05:56:54.608 [restartedMain] HmMasterServiceApplication - Started HmMasterServiceApplication in 1.517 seconds (JVM running for 695.281)
[INFO ] 2019-12-10 05:58:23.961 [restartedMain] HmMasterServiceApplication - Starting HmMasterServiceApplication on Akshay-PC with PID 26092 (started by Akshay in E:\For Project\HMMasterService)
[INFO ] 2019-12-10 05:58:23.962 [restartedMain] HmMasterServiceApplication - No active profile set, falling back to default profiles: default
[INFO ] 2019-12-10 05:58:25.499 [restartedMain] HmMasterServiceApplication - Started HmMasterServiceApplication in 1.576 seconds (JVM running for 786.171)
[INFO ] 2019-12-10 06:08:11.204 [restartedMain] HmMasterServiceApplication - Starting HmMasterServiceApplication on Akshay-PC with PID 26092 (started by Akshay in E:\For Project\HMMasterService)
[INFO ] 2019-12-10 06:08:11.205 [restartedMain] HmMasterServiceApplication - No active profile set, falling back to default profiles: default
[INFO ] 2019-12-10 06:08:12.756 [restartedMain] HmMasterServiceApplication - Started HmMasterServiceApplication in 1.591 seconds (JVM running for 1373.423)
[INFO ] 2019-12-10 06:08:20.501 [restartedMain] HmMasterServiceApplication - Starting HmMasterServiceApplication on Akshay-PC with PID 26092 (started by Akshay in E:\For Project\HMMasterService)
[INFO ] 2019-12-10 06:08:20.502 [restartedMain] HmMasterServiceApplication - No active profile set, falling back to default profiles: default
[INFO ] 2019-12-10 06:08:22.249 [restartedMain] HmMasterServiceApplication - Started HmMasterServiceApplication in 1.786 seconds (JVM running for 1382.916)
[INFO ] 2019-12-10 06:08:35.074 [restartedMain] HmMasterServiceApplication - Starting HmMasterServiceApplication on Akshay-PC with PID 26092 (started by Akshay in E:\For Project\HMMasterService)
[INFO ] 2019-12-10 06:08:35.075 [restartedMain] HmMasterServiceApplication - No active profile set, falling back to default profiles: default
[INFO ] 2019-12-10 06:08:36.510 [restartedMain] HmMasterServiceApplication - Started HmMasterServiceApplication in 1.473 seconds (JVM running for 1397.177)
[INFO ] 2019-12-10 06:08:51.747 [restartedMain] HmMasterServiceApplication - Starting HmMasterServiceApplication on Akshay-PC with PID 26092 (started by Akshay in E:\For Project\HMMasterService)
[INFO ] 2019-12-10 06:08:51.748 [restartedMain] HmMasterServiceApplication - No active profile set, falling back to default profiles: default
[INFO ] 2019-12-10 06:08:53.319 [restartedMain] HmMasterServiceApplication - Started HmMasterServiceApplication in 1.61 seconds (JVM running for 1413.985)
[INFO ] 2019-12-10 06:09:05.326 [restartedMain] HmMasterServiceApplication - Starting HmMasterServiceApplication on Akshay-PC with PID 26092 (started by Akshay in E:\For Project\HMMasterService)
[INFO ] 2019-12-10 06:09:05.327 [restartedMain] HmMasterServiceApplication - No active profile set, falling back to default profiles: default
[INFO ] 2019-12-10 06:09:06.749 [restartedMain] HmMasterServiceApplication - Started HmMasterServiceApplication in 1.468 seconds (JVM running for 1427.415)
[INFO ] 2019-12-10 06:09:21.834 [restartedMain] HmMasterServiceApplication - Starting HmMasterServiceApplication on Akshay-PC with PID 26092 (started by Akshay in E:\For Project\HMMasterService)
[INFO ] 2019-12-10 06:09:21.835 [restartedMain] HmMasterServiceApplication - No active profile set, falling back to default profiles: default
[INFO ] 2019-12-10 06:09:23.394 [restartedMain] HmMasterServiceApplication - Started HmMasterServiceApplication in 1.605 seconds (JVM running for 1444.06)
[INFO ] 2019-12-10 06:09:47.389 [restartedMain] HmMasterServiceApplication - Starting HmMasterServiceApplication on Akshay-PC with PID 26092 (started by Akshay in E:\For Project\HMMasterService)
[INFO ] 2019-12-10 06:09:47.390 [restartedMain] HmMasterServiceApplication - No active profile set, falling back to default profiles: default
[INFO ] 2019-12-10 06:09:48.739 [restartedMain] HmMasterServiceApplication - Started HmMasterServiceApplication in 1.385 seconds (JVM running for 1469.405)
[INFO ] 2019-12-10 06:09:54.573 [restartedMain] HmMasterServiceApplication - Starting HmMasterServiceApplication on Akshay-PC with PID 26092 (started by Akshay in E:\For Project\HMMasterService)
[INFO ] 2019-12-10 06:09:54.574 [restartedMain] HmMasterServiceApplication - No active profile set, falling back to default profiles: default
[INFO ] 2019-12-10 06:09:56.004 [restartedMain] HmMasterServiceApplication - Started HmMasterServiceApplication in 1.469 seconds (JVM running for 1476.67)
[INFO ] 2019-12-10 06:10:06.729 [restartedMain] HmMasterServiceApplication - Starting HmMasterServiceApplication on Akshay-PC with PID 26092 (started by Akshay in E:\For Project\HMMasterService)
[INFO ] 2019-12-10 06:10:06.730 [restartedMain] HmMasterServiceApplication - No active profile set, falling back to default profiles: default
[INFO ] 2019-12-10 06:10:08.110 [restartedMain] HmMasterServiceApplication - Started HmMasterServiceApplication in 1.422 seconds (JVM running for 1488.776)
[INFO ] 2019-12-10 06:11:23.366 [restartedMain] HmMasterServiceApplication - Starting HmMasterServiceApplication on Akshay-PC with PID 26092 (started by Akshay in E:\For Project\HMMasterService)
[INFO ] 2019-12-10 06:11:23.367 [restartedMain] HmMasterServiceApplication - No active profile set, falling back to default profiles: default
[INFO ] 2019-12-10 06:11:24.989 [restartedMain] HmMasterServiceApplication - Started HmMasterServiceApplication in 1.66 seconds (JVM running for 1565.654)
[INFO ] 2019-12-10 06:11:46.790 [restartedMain] HmMasterServiceApplication - Starting HmMasterServiceApplication on Akshay-PC with PID 26092 (started by Akshay in E:\For Project\HMMasterService)
[INFO ] 2019-12-10 06:11:46.790 [restartedMain] HmMasterServiceApplication - No active profile set, falling back to default profiles: default
[INFO ] 2019-12-10 06:11:48.160 [restartedMain] HmMasterServiceApplication - Started HmMasterServiceApplication in 1.407 seconds (JVM running for 1588.825)
[INFO ] 2019-12-11 04:39:55.390 [restartedMain] HmMasterServiceApplication - Starting HmMasterServiceApplication on Akshay-PC with PID 1824 (started by Akshay in E:\git\Project HML\HMMasterService)
[INFO ] 2019-12-11 04:39:55.439 [restartedMain] HmMasterServiceApplication - No active profile set, falling back to default profiles: default
[INFO ] 2019-12-11 04:40:25.084 [restartedMain] HmMasterServiceApplication - Started HmMasterServiceApplication in 34.073 seconds (JVM running for 40.857)
[INFO ] 2019-12-11 04:44:11.786 [restartedMain] HmMasterServiceApplication - Starting HmMasterServiceApplication on Akshay-PC with PID 5496 (started by Akshay in E:\git\Project HML\HMMasterService)
[INFO ] 2019-12-11 04:44:11.792 [restartedMain] HmMasterServiceApplication - No active profile set, falling back to default profiles: default
[INFO ] 2019-12-11 04:44:25.779 [restartedMain] HmMasterServiceApplication - Started HmMasterServiceApplication in 14.642 seconds (JVM running for 20.121)
[INFO ] 2019-12-11 04:47:05.566 [restartedMain] HmMasterServiceApplication - Starting HmMasterServiceApplication on Akshay-PC with PID 5496 (started by Akshay in E:\git\Project HML\HMMasterService)
[INFO ] 2019-12-11 04:47:05.567 [restartedMain] HmMasterServiceApplication - No active profile set, falling back to default profiles: default
[INFO ] 2019-12-11 04:47:08.715 [restartedMain] HmMasterServiceApplication - Started HmMasterServiceApplication in 3.336 seconds (JVM running for 183.056)
[INFO ] 2019-12-12 06:46:32.983 [restartedMain] HmMasterServiceApplication - Starting HmMasterServiceApplication on Akshay-PC with PID 624 (started by Akshay in E:\For Project\HMMasterService)
[INFO ] 2019-12-12 06:46:32.988 [restartedMain] HmMasterServiceApplication - No active profile set, falling back to default profiles: default
[INFO ] 2019-12-12 06:46:42.505 [restartedMain] HmMasterServiceApplication - Started HmMasterServiceApplication in 9.949 seconds (JVM running for 14.562)
[INFO ] 2019-12-12 06:51:38.203 [restartedMain] HmMasterServiceApplication - Starting HmMasterServiceApplication on Akshay-PC with PID 624 (started by Akshay in E:\For Project\HMMasterService)
[INFO ] 2019-12-12 06:51:38.204 [restartedMain] HmMasterServiceApplication - No active profile set, falling back to default profiles: default
[INFO ] 2019-12-12 06:51:40.673 [restartedMain] HmMasterServiceApplication - Started HmMasterServiceApplication in 2.516 seconds (JVM running for 312.728)
[INFO ] 2019-12-12 06:52:48.899 [restartedMain] HmMasterServiceApplication - Starting HmMasterServiceApplication on Akshay-PC with PID 3564 (started by Akshay in E:\For Project\HMMasterService)
[INFO ] 2019-12-12 06:52:48.904 [restartedMain] HmMasterServiceApplication - No active profile set, falling back to default profiles: default
[INFO ] 2019-12-12 06:52:55.620 [restartedMain] HmMasterServiceApplication - Started HmMasterServiceApplication in 7.14 seconds (JVM running for 11.838)
[INFO ] 2019-12-12 06:53:09.366 [restartedMain] HmMasterServiceApplication - Starting HmMasterServiceApplication on Akshay-PC with PID 3564 (started by Akshay in E:\For Project\HMMasterService)
[INFO ] 2019-12-12 06:53:09.366 [restartedMain] HmMasterServiceApplication - No active profile set, falling back to default profiles: default
[INFO ] 2019-12-12 06:53:11.353 [restartedMain] HmMasterServiceApplication - Started HmMasterServiceApplication in 2.041 seconds (JVM running for 27.57)
